[LOG] System::create                           : Header version = 2.01.10. Current version = 2.01.10.
[LOG] Manager::init                            : maxchannels = 256 studioflags = 00000006 flags 00000000 extradriverdata 0000000000000000.
[LOG] SystemI::init                            : Initialize version=20110 (116632), maxchannels=256, flags=0x00020000
[LOG] SystemI::setOutputInternal               : Setting output to 'FMOD WASAPI Output'
[LOG] OutputWASAPI::init                       : Mix Format (WAVEFORMATEX): wFormatTag=0xFFFE, nChannels=2, nSamplesPerSec=48000, nAvgBytesPerSec=384000, nBlockAlign=8, wBitsPerSample=32, cbSize=22.
[LOG] OutputWASAPI::init                       : Mix Format (WAVEFORMATEXTENSIBLE): wValidBitsPerSample=32, dwChannelMask=0x00000003, SubFormat=00000003-0000-0010-8000-00AA00389B71.
[LOG] OutputWASAPI::init                       : Output buffer size: 4096 samples, latency: 0.00ms, period: 10.00ms, DSP buffer: 1024 * 4
[LOG] Thread::initThread                       : Init FMOD stream thread. Affinity: 0x8000000000000003, Priority: 0xFFFF7FFB, Stack Size: 98304, Semaphore: No, Sleep Time: 10, Looping: Yes.
[LOG] Thread::initThread                       : Init FMOD mixer thread. Affinity: 0x8000000000000001, Priority: 0xFFFF7FFA, Stack Size: 81920, Semaphore: No, Sleep Time: 0, Looping: Yes.
[LOG] AsyncManager::init                       : manager 000001DF28AF6688 isAsync 0 updatePeriod 0.02
[LOG] AsyncManager::init                       : done
[LOG] PlaybackSystem::init                     : 
[LOG] Thread::initThread                       : Init FMOD Studio sample load thread. Affinity: 0x8000000000000003, Priority: 0xFFFF7FFD, Stack Size: 98304, Semaphore: No, Sleep Time: 1, Looping: No.
[LOG] PlaybackSystem::init                     : done
[LOG] Thread::initThread                       : Init FMOD Studio bank load thread. Affinity: 0x8000000000000003, Priority: 0xFFFF7FFD, Stack Size: 98304, Semaphore: No, Sleep Time: 1, Looping: No.
[LOG] Manager::init                            : done.
[LOG] Manager::readBank                        : fileversion = 135, compatVersion = 132 (oldest = 44, newest = 135)
[LOG] Manager::readBank                        : fileversion = 135, compatVersion = 132 (oldest = 44, newest = 135)
[LOG] Manager::readBank                        : fileversion = 135, compatVersion = 132 (oldest = 44, newest = 135)
[LOG] PlaybackSystem::acquireMasterBus         : Setting master channel group format to 3
[LOG] SystemI::createSoundInternal             : Create name='', mode=0x02000202
[LOG] SystemI::createSoundInternal             : exinfo->cbsize             = 224
[LOG] SystemI::createSoundInternal             : exinfo->length             = 149557152
[LOG] SystemI::createSoundInternal             : exinfo->fileoffset         = 82560
[LOG] SystemI::createSoundInternal             : exinfo->numsubsounds       = 1
[LOG] SystemI::createSoundInternal             : exinfo->inclusionlist      = 00000098232EF5A8
[LOG] SystemI::createSoundInternal             : exinfo->inclusionlistnum   = 1
[LOG] SystemI::createSoundInternal             : exinfo->suggestedsoundtype = 5
[LOG] SystemI::createSoundInternal             : exinfo->useropen           = 00007FF945E87EC0
[LOG] SystemI::createSoundInternal             : exinfo->userclose          = 00007FF945E87E90
[LOG] SystemI::createSoundInternal             : exinfo->userread           = 00007FF945E87F90
[LOG] SystemI::createSoundInternal             : exinfo->userseek           = 00007FF945E88050
[LOG] SystemI::createSoundInternal             : exinfo->fileuserdata       = 000001DF289330D8
[LOG] SystemI::createSoundInternal             : exinfo->initialseekpostype = 1
[LOG] SystemI::DSPCodecPoolRegister            : register codec pool for pool type 5
[LOG] SystemI::createSoundInternal             : Sample 0/1: name='sfx_player_projetil_3', format=5, channels=1, frequency=48000, lengthbytes=19968, lengthpcm=29650, pcmblocksize=0, loopstart=0, loopend=0, mode=0x00000000, channelmask=0x00000000, channelorder=0, peakvolume=0.563786.
[LOG] SystemI::createSoundInternal             : Create name='', mode=0x02000202
[LOG] SystemI::createSoundInternal             : exinfo->cbsize             = 224
[LOG] SystemI::createSoundInternal             : exinfo->length             = 149557152
[LOG] SystemI::createSoundInternal             : exinfo->fileoffset         = 82560
[LOG] SystemI::createSoundInternal             : exinfo->numsubsounds       = 1
[LOG] SystemI::createSoundInternal             : exinfo->inclusionlist      = 00000098232EF5A8
[LOG] SystemI::createSoundInternal             : exinfo->inclusionlistnum   = 1
[LOG] SystemI::createSoundInternal             : exinfo->suggestedsoundtype = 5
[LOG] SystemI::createSoundInternal             : exinfo->useropen           = 00007FF945E87EC0
[LOG] SystemI::createSoundInternal             : exinfo->userclose          = 00007FF945E87E90
[LOG] SystemI::createSoundInternal             : exinfo->userread           = 00007FF945E87F90
[LOG] SystemI::createSoundInternal             : exinfo->userseek           = 00007FF945E88050
[LOG] SystemI::createSoundInternal             : exinfo->fileuserdata       = 000001DF289330D8
[LOG] SystemI::createSoundInternal             : exinfo->initialseekpostype = 1
[LOG] SystemI::DSPCodecPoolRegister            : register codec pool for pool type 5
[LOG] SystemI::createSoundInternal             : Sample 0/1: name='sfx_player_projetil_1', format=5, channels=1, frequency=48000, lengthbytes=19680, lengthpcm=29650, pcmblocksize=0, loopstart=0, loopend=0, mode=0x00000000, channelmask=0x00000000, channelorder=0, peakvolume=0.278938.
[LOG] SystemI::createSoundInternal             : Create name='', mode=0x02000202
[LOG] SystemI::createSoundInternal             : exinfo->cbsize             = 224
[LOG] SystemI::createSoundInternal             : exinfo->length             = 149557152
[LOG] SystemI::createSoundInternal             : exinfo->fileoffset         = 82560
[LOG] SystemI::createSoundInternal             : exinfo->numsubsounds       = 1
[LOG] SystemI::createSoundInternal             : exinfo->inclusionlist      = 00000098232EF5A8
[LOG] SystemI::createSoundInternal             : exinfo->inclusionlistnum   = 1
[LOG] SystemI::createSoundInternal             : exinfo->suggestedsoundtype = 5
[LOG] SystemI::createSoundInternal             : exinfo->useropen           = 00007FF945E87EC0
[LOG] SystemI::createSoundInternal             : exinfo->userclose          = 00007FF945E87E90
[LOG] SystemI::createSoundInternal             : exinfo->userread           = 00007FF945E87F90
[LOG] SystemI::createSoundInternal             : exinfo->userseek           = 00007FF945E88050
[LOG] SystemI::createSoundInternal             : exinfo->fileuserdata       = 000001DF289330D8
[LOG] SystemI::createSoundInternal             : exinfo->initialseekpostype = 1
[LOG] SystemI::DSPCodecPoolRegister            : register codec pool for pool type 5
[LOG] SystemI::createSoundInternal             : Sample 0/1: name='sfx_player_projetil_2', format=5, channels=1, frequency=48000, lengthbytes=20096, lengthpcm=29650, pcmblocksize=0, loopstart=0, loopend=0, mode=0x00000000, channelmask=0x00000000, channelorder=0, peakvolume=0.456441.
[LOG] SoundI::release                          : mus_dual_gameplay_2_perc2 (000001DEECA46738)
[LOG] SoundI::release                          :     mus_dual_gameplay_2_perc2 (000001DE9F7CC978)
[LOG] SoundI::release                          :     mus_dual_gameplay_2_perc2 (000001DEA39DD358)
[LOG] SoundI::release                          : mus_dual_gameplay_2_ amb1 (000001DEECA463D8)
[LOG] SoundI::release                          :     mus_dual_gameplay_2_ amb1 (000001DE9F7CC638)
[LOG] SoundI::release                          :     mus_dual_gameplay_2_ amb1 (000001DEA39DD1A8)
[LOG] SoundI::release                          : mus_dual_gameplay_2_flauta_lead_1 (000001DEECA47158)
[LOG] SoundI::release                          :     mus_dual_gameplay_2_flauta_lead_1 (000001DE9F7CC498)
[LOG] SoundI::release                          :     mus_dual_gameplay_2_flauta_lead_1 (000001DEA39DCE48)
[LOG] SoundI::release                          : mus_dual_gameplay_2_synth_bell (000001DEECA47308)
[LOG] SoundI::release                          :     mus_dual_gameplay_2_synth_bell (000001DE9F7CC7D8)
[LOG] SoundI::release                          :     mus_dual_gameplay_2_synth_bell (000001DEA39DCAE8)
[LOG] SoundI::release                          : mus_dual_gameplay_2_Delay (000001DEECA47D28)
[LOG] SoundI::release                          :     mus_dual_gameplay_2_Delay (000001DEEDB78818)
[LOG] SoundI::release                          :     mus_dual_gameplay_2_Delay (000001DEA39DCC98)
[LOG] SoundI::release                          : mus_dual_gameplay_2_resp1 (000001DEEC6753D8)
[LOG] SoundI::release                          :     mus_dual_gameplay_2_resp1 (000001DEEDB78678)
[LOG] SoundI::release                          :     mus_dual_gameplay_2_resp1 (000001DEA39DDD78)
[LOG] SoundI::release                          : mus_dual_gameplay_2_flauta_lead_2 (000001DEEC674658)
[LOG] SoundI::release                          :     mus_dual_gameplay_2_flauta_lead_2 (000001DEEDB78338)
[LOG] SoundI::release                          :     mus_dual_gameplay_2_flauta_lead_2 (000001DEA39DC938)
[LOG] SoundI::release                          : mus_dual_gameplay_2_synthbass (000001DEEC6758E8)
[LOG] SoundI::release                          :     mus_dual_gameplay_2_synthbass (000001DEEDB784D8)
[LOG] SoundI::release                          :     mus_dual_gameplay_2_synthbass (000001DEA39DDA18)
[LOG] SoundI::release                          : mus_dual_gameplay_2_perc3 (000001DEEC675078)
[LOG] SoundI::release                          :     mus_dual_gameplay_2_perc3 (000001DEA0F1EC18)
[LOG] SoundI::release                          :     mus_dual_gameplay_2_perc3 (000001DEA39DC788)
[LOG] SoundI::release                          : mus_dual_gameplay_2_perc1 (000001DEEC675738)
[LOG] SoundI::release                          :     mus_dual_gameplay_2_perc1 (000001DEA0F1E8D8)
[LOG] SoundI::release                          :     mus_dual_gameplay_2_perc1 (000001DEECA474B8)
[LOG] SoundI::release                          : mus_dual_gameplay_2_Reverb (000001DEEC675588)
[LOG] SoundI::release                          :     mus_dual_gameplay_2_Reverb (000001DEA0F1E738)
[LOG] SoundI::release                          :     mus_dual_gameplay_2_Reverb (000001DEECA46FA8)
[LOG] SoundI::release                          : mus_dual_gameplay_2_vocal_pad (000001DEEC674B68)
[LOG] SoundI::release                          :     mus_dual_gameplay_2_vocal_pad (000001DEA0F1EA78)
[LOG] SoundI::release                          :     mus_dual_gameplay_2_vocal_pad (000001DEECA468E8)
[LOG] SoundI::release                          :  (000001DE57F1AB88)
[LOG] SoundI::release                          :     sfx_player_projetil_1 (000001DEEC5D7A68)
[LOG] SoundI::release                          :  (000001DE57F1B598)
[LOG] SoundI::release                          :     sfx_player_projetil_2 (000001DEEC5D78C8)
[LOG] SoundI::release                          :  (000001DE57F1B2B8)
[LOG] SoundI::release                          :     sfx_player_projetil_3 (000001DEEC5D7DA8)
[LOG] SoundI::release                          :  (000001DEE88268F8)
[LOG] SoundI::release                          :     sfx_amb_lobo_1 (000001DF28E23E88)
[LOG] SoundI::release                          :  (000001DEE8826BD8)
[LOG] SoundI::release                          :     sfx_amb_lobo_2 (000001DF28E241C8)
[LOG] SoundI::release                          :  (000001DEE8826A68)
[LOG] SoundI::release                          :     sfx_amb_grilos (000001DF28E24368)
[LOG] SoundI::release                          :  (000001DEE8824DA8)
[LOG] SoundI::release                          :     sfx_amb_ambiente (000001DF28E24028)
[LOG] SoundI::release                          :  (000001DEE8824AC8)
[LOG] SoundI::release                          :     sfx_amb_coruja_1 (000001DEEC5D7C08)
[LOG] SoundI::release                          :  (000001DEE88275E8)
[LOG] SoundI::release                          :     sfx_amb_coruja_2 (000001DF28E24508)
[LOG] SoundI::release                          :  (000001DEE8826338)
[LOG] SoundI::release                          :     sfx_amb_coruja_3 (000001DF28E23CE8)
[LOG] Thread::callback                         : FMOD Studio update thread finished.
[LOG] Thread::callback                         : FMOD Studio bank load thread finished.
[LOG] Profile::disconnectAll                   : Profiler disconnecting all clients
[LOG] Thread::callback                         : FMOD Studio sample load thread finished.
[LOG] LiveUpdate::release                      : 
[LOG] LiveUpdate::reset                        : Reset connection (reason Disconnected)
[LOG] Thread::callback                         : FMOD stream thread finished.
[LOG] Thread::callback                         : FMOD mixer thread finished.
[LOG] Profile::disconnectAll                   : Profiler disconnecting all clients
[LOG] SystemI::close                           : Closed.
